[20:28:49] [main/DEBUG] [FML/]: Injecting tracing printstreams for STDOUT/STDERR.
[20:28:49] [main/INFO] [FML/]: Forge Mod Loader version 14.22.0.2459 for Minecraft 1.12.1 loading
[20:28:49] [main/INFO] [FML/]: Java is Java HotSpot(TM) 64-Bit Server VM, version 1.8.0_131, running on Mac OS X:x86_64:10.12.5, installed at /Library/Internet Plug-Ins/JavaAppletPlugin.plugin/Contents/Home
[20:28:49] [main/DEBUG] [FML/]: Java classpath at launch is:
[20:28:49] [main/DEBUG] [FML/]:     /Users/rito/MinecraftServer/HenryCraft_Server_1.12.1_Mods/forge-1.12.1-14.22.0.2459-universal.jar
[20:28:49] [main/DEBUG] [FML/]: Java library path at launch is:
[20:28:49] [main/DEBUG] [FML/]:     /Users/rito/Library/Java/Extensions
[20:28:49] [main/DEBUG] [FML/]:     /Library/Java/Extensions
[20:28:49] [main/DEBUG] [FML/]:     /Network/Library/Java/Extensions
[20:28:49] [main/DEBUG] [FML/]:     /System/Library/Java/Extensions
[20:28:49] [main/DEBUG] [FML/]:     /usr/lib/java
[20:28:49] [main/DEBUG] [FML/]:     .
[20:28:49] [main/DEBUG] [FML/]: Enabling runtime deobfuscation
[20:28:49] [main/DEBUG] [FML/]: Instantiating coremod class FMLCorePlugin
[20:28:49] [main/DEBUG] [FML/]: Found signing certificates for coremod FMLCorePlugin (net.minecraftforge.fml.relauncher.FMLCorePlugin)
[20:28:49] [main/DEBUG] [FML/]: Found certificate e3c3d50c7c986df74c645c0ac54639741c90a557
[20:28:49] [main/DEBUG] [FML/]: Added access transformer class net.minecraftforge.fml.common.asm.transformers.AccessTransformer to enqueued access transformers
[20:28:49] [main/DEBUG] [FML/]: Enqueued coremod FMLCorePlugin
[20:28:49] [main/DEBUG] [FML/]: Instantiating coremod class FMLForgePlugin
[20:28:49] [main/DEBUG] [FML/]: Found signing certificates for coremod FMLForgePlugin (net.minecraftforge.classloading.FMLForgePlugin)
[20:28:49] [main/DEBUG] [FML/]: Found certificate e3c3d50c7c986df74c645c0ac54639741c90a557
[20:28:49] [main/DEBUG] [FML/]: Enqueued coremod FMLForgePlugin
[20:28:49] [main/DEBUG] [FML/]: All fundamental core mods are successfully located
[20:28:50] [main/DEBUG] [FML/]: Attempting to load commandline specified mods, relative to /Users/rito/MinecraftServer/HenryCraft_Server_1.12.1_Mods/.
[20:28:50] [main/DEBUG] [FML/]: Adding net.minecraftforge:MercuriusUpdater (/Users/rito/MinecraftServer/HenryCraft_Server_1.12.1_Mods/libraries/net/minecraftforge/MercuriusUpdater/1.12.1/MercuriusUpdater-1.12.1.jar) to the mod list
[20:28:50] [main/DEBUG] [FML/]: Discovering coremods
[20:28:50] [main/DEBUG] [FML/]: Examining for coremod candidacy MercuriusUpdater-1.12.1.jar
[20:28:50] [main/DEBUG] [FML/]: Not found coremod data in MercuriusUpdater-1.12.1.jar
[20:28:50] [main/INFO] [LaunchWrapper/]: Loading tweak class name net.minecraftforge.fml.common.launcher.FMLInjectionAndSortingTweaker
[20:28:50] [main/INFO] [LaunchWrapper/]: Loading tweak class name net.minecraftforge.fml.common.launcher.FMLDeobfTweaker
[20:28:50] [main/INFO] [LaunchWrapper/]: Calling tweak class net.minecraftforge.fml.common.launcher.FMLInjectionAndSortingTweaker
[20:28:50] [main/INFO] [LaunchWrapper/]: Calling tweak class net.minecraftforge.fml.common.launcher.FMLInjectionAndSortingTweaker
[20:28:50] [main/INFO] [LaunchWrapper/]: Calling tweak class net.minecraftforge.fml.relauncher.CoreModManager$FMLPluginWrapper
[20:28:50] [main/DEBUG] [FML/]: Injecting coremod FMLCorePlugin \{net.minecraftforge.fml.relauncher.FMLCorePlugin\} class transformers
[20:28:50] [main/TRACE] [FML/]: Registering transformer net.minecraftforge.fml.common.asm.transformers.BlamingTransformer
[20:28:50] [main/TRACE] [FML/]: Registering transformer net.minecraftforge.fml.common.asm.transformers.SideTransformer
[20:28:50] [main/TRACE] [FML/]: Registering transformer net.minecraftforge.fml.common.asm.transformers.EventSubscriptionTransformer
[20:28:50] [main/TRACE] [FML/]: Registering transformer net.minecraftforge.fml.common.asm.transformers.EventSubscriberTransformer
[20:28:50] [main/DEBUG] [FML/]: Injection complete
[20:28:50] [main/DEBUG] [FML/]: Running coremod plugin for FMLCorePlugin \{net.minecraftforge.fml.relauncher.FMLCorePlugin\}
[20:28:50] [main/DEBUG] [FML/]: Running coremod plugin FMLCorePlugin
[20:28:56] [main/DEBUG] [FML/]: Injecting tracing printstreams for STDOUT/STDERR.
[20:28:56] [main/DEBUG] [FML/]: Read 1008 binary patches
[20:28:56] [main/DEBUG] [FML/]: Loading deobfuscation resource /deobfuscation_data-1.12.1.lzma with 36083 records
[20:28:57] [main/INFO] [FML/]: Found valid fingerprint for Minecraft Forge. Certificate fingerprint e3c3d50c7c986df74c645c0ac54639741c90a557
[20:28:57] [main/DEBUG] [FML/]: Coremod plugin class FMLCorePlugin run successfully
[20:28:57] [main/INFO] [LaunchWrapper/]: Calling tweak class net.minecraftforge.fml.relauncher.CoreModManager$FMLPluginWrapper
[20:28:57] [main/DEBUG] [FML/]: Injecting coremod FMLForgePlugin \{net.minecraftforge.classloading.FMLForgePlugin\} class transformers
[20:28:57] [main/DEBUG] [FML/]: Injection complete
[20:28:57] [main/DEBUG] [FML/]: Running coremod plugin for FMLForgePlugin \{net.minecraftforge.classloading.FMLForgePlugin\}
[20:28:57] [main/DEBUG] [FML/]: Running coremod plugin FMLForgePlugin
[20:28:57] [main/DEBUG] [FML/]: Coremod plugin class FMLForgePlugin run successfully
[20:28:57] [main/INFO] [LaunchWrapper/]: Calling tweak class net.minecraftforge.fml.common.launcher.FMLDeobfTweaker
[20:28:57] [main/DEBUG] [FML/]: Loaded 206 rules from AccessTransformer config file forge_at.cfg
[20:28:57] [main/DEBUG] [FML/]: Validating minecraft
[20:28:58] [main/DEBUG] [FML/]: Minecraft validated, launching...
[20:28:58] [main/INFO] [LaunchWrapper/]: Loading tweak class name net.minecraftforge.fml.common.launcher.TerminalTweaker
[20:28:58] [main/INFO] [LaunchWrapper/]: Calling tweak class net.minecraftforge.fml.common.launcher.TerminalTweaker
[20:28:58] [main/INFO] [LaunchWrapper/]: Launching wrapped minecraft {net.minecraft.server.MinecraftServer}
[20:29:04] [main/DEBUG] [FML/]: Creating vanilla freeze snapshot
[20:29:04] [main/DEBUG] [FML/]: Vanilla freeze snapshot created
