[20:30:15] [Server thread/INFO]: Starting minecraft server version 1.12.1
[20:30:24] [Server thread/INFO]: Loading properties
[20:30:24] [Server thread/INFO]: Default game type: SURVIVAL
[20:30:24] [Server thread/INFO]: Generating keypair
[20:30:25] [Server thread/INFO]: Starting Minecraft server on *:25565
[20:30:25] [Server thread/INFO]: Using default channel type
[20:30:31] [Server thread/INFO]: Preparing level "world"
[20:30:35] [Server thread/INFO]: Loaded 488 advancements
[20:30:38] [Server thread/INFO]: Preparing start region for level 0
[20:30:39] [Server thread/INFO]: Preparing spawn area: 2%
[20:30:41] [Server thread/INFO]: Preparing spawn area: 4%
[20:30:42] [Server thread/INFO]: Preparing spawn area: 5%
[20:30:43] [Server thread/INFO]: Preparing spawn area: 6%
[20:30:44] [Server thread/INFO]: Preparing spawn area: 9%
[20:30:45] [Server thread/INFO]: Preparing spawn area: 10%
[20:30:46] [Server thread/INFO]: Preparing spawn area: 13%
[20:30:47] [Server thread/INFO]: Preparing spawn area: 15%
[20:30:49] [Server thread/INFO]: Preparing spawn area: 17%
[20:30:50] [Server thread/INFO]: Preparing spawn area: 20%
[20:30:51] [Server thread/INFO]: Preparing spawn area: 24%
[20:30:52] [Server thread/INFO]: Preparing spawn area: 28%
[20:30:53] [Server thread/INFO]: Preparing spawn area: 30%
[20:30:54] [Server thread/INFO]: Preparing spawn area: 34%
[20:30:55] [Server thread/INFO]: Preparing spawn area: 37%
[20:30:56] [Server thread/INFO]: Preparing spawn area: 40%
[20:30:57] [Server thread/INFO]: Preparing spawn area: 45%
[20:30:58] [Server thread/INFO]: Preparing spawn area: 48%
[20:30:59] [Server thread/INFO]: Preparing spawn area: 52%
[20:31:00] [Server thread/INFO]: Preparing spawn area: 57%
[20:31:01] [Server thread/INFO]: Preparing spawn area: 61%
[20:31:02] [Server thread/INFO]: Preparing spawn area: 66%
[20:31:03] [Server thread/INFO]: Preparing spawn area: 69%
[20:31:04] [Server thread/INFO]: Preparing spawn area: 73%
[20:31:05] [Server thread/INFO]: Preparing spawn area: 77%
[20:31:07] [Server thread/INFO]: Preparing spawn area: 80%
[20:31:08] [Server thread/INFO]: Preparing spawn area: 82%
[20:31:09] [Server thread/INFO]: Preparing spawn area: 86%
[20:31:10] [Server thread/INFO]: Preparing spawn area: 89%
[20:31:11] [Server thread/INFO]: Preparing spawn area: 93%
[20:31:12] [Server thread/INFO]: Preparing spawn area: 97%
[20:31:13] [Server thread/INFO]: Done (41,190s)! For help, type "help" or "?"
[20:31:19] [Server thread/WARN]: Can't keep up! Did the system time change, or is the server overloaded? Running 5643ms behind, skipping 112 tick(s)
[20:32:11] [Server thread/INFO]: Stopping server
[20:32:11] [Server thread/INFO]: Saving players
[20:32:11] [Server thread/INFO]: Saving worlds
[20:32:11] [Server thread/INFO]: Saving chunks for level 'world'/overworld
[20:32:11] [Server thread/INFO]: Saving chunks for level 'world'/the_nether
[20:32:11] [Server thread/INFO]: Saving chunks for level 'world'/the_end
[20:32:11] [Server Shutdown Thread/INFO]: Stopping server
[20:32:11] [Server Shutdown Thread/INFO]: Saving players
[20:32:11] [Server Shutdown Thread/INFO]: Saving worlds
